#
# There is insufficient memory for the Java Runtime Environment to continue.
# Native memory allocation (malloc) failed to allocate 220656 bytes for Chunk::new
# Possible reasons:
#   The system is out of physical RAM or swap space
#   The process is running with CompressedOops enabled, and the Java Heap may be blocking the growth of the native heap
# Possible solutions:
#   Reduce memory load on the system
#   Increase physical memory or swap space
#   Check if swap backing store is full
#   Decrease Java heap size (-Xmx/-Xms)
#   Decrease number of Java threads
#   Decrease Java thread stack sizes (-Xss)
#   Set larger code cache with -XX:ReservedCodeCacheSize=
#   JVM is running with Unscaled Compressed Oops mode in which the Java heap is
#     placed in the first 4GB address space. The Java Heap base address is the
#     maximum limit for the native heap growth. Please use -XX:HeapBaseMinAddress
#     to set the Java Heap base and to place the Java Heap above 4GB virtual address.
# This output file may be truncated or incomplete.
#
#  Out of Memory Error (./src/hotspot/share/memory/arena.cpp:197), pid=5168, tid=23632
#
# JRE version: OpenJDK Runtime Environment Microsoft-7208460 (11.0.18+10) (build 11.0.18+10-LTS)
# Java VM: OpenJDK 64-Bit Server VM Microsoft-7208460 (11.0.18+10-LTS, mixed mode, tiered, compressed oops, g1 gc, windows-amd64)
# No core dump will be written. Minidumps are not enabled by default on client versions of Windows
#

---------------  S U M M A R Y ------------

Command Line: -Xmx64m -Xms64m -Dorg.gradle.appname=gradlew org.gradle.wrapper.GradleWrapperMain tasks

Host: Intel(R) Core(TM) i5-6300U CPU @ 2.40GHz, 4 cores, 7G,  Windows 10 , 64 bit Build 19041 (10.0.19041.3155)
Time: Mon Jul 31 14:19:04 2023 Pakistan Standard Time elapsed time: 16.121758 seconds (0d 0h 0m 16s)

---------------  T H R E A D  ---------------

Current thread (0x000001c527127000):  JavaThread "C2 CompilerThread0" daemon [_thread_in_native, id=23632, stack(0x000000a2d9000000,0x000000a2d9100000)]


Current CompileTask:
C2:  16121  850   !   4       java.util.jar.JarFile::isMultiRelease (33 bytes)

Stack: [0x000000a2d9000000,0x000000a2d9100000]
Native frames: (J=compiled Java code, j=interpreted, Vv=VM code, C=native code)
V  [jvm.dll+0x62bf8a]
V  [jvm.dll+0x7b8fb9]
V  [jvm.dll+0x7ba6a8]
V  [jvm.dll+0x7bad83]
V  [jvm.dll+0x250248]
V  [jvm.dll+0xc260c]
V  [jvm.dll+0xc2bcc]
V  [jvm.dll+0x35e1c7]
V  [jvm.dll+0x32a373]
V  [jvm.dll+0x3296aa]
V  [jvm.dll+0x2093b3]
V  [jvm.dll+0x20850d]
V  [jvm.dll+0x18a4b1]
V  [jvm.dll+0x217eec]
V  [jvm.dll+0x21612b]
V  [jvm.dll+0x77bac0]
V  [jvm.dll+0x7749f4]
V  [jvm.dll+0x62adf5]
C  [ucrtbase.dll+0x21bb2]
C  [KERNEL32.DLL+0x17614]
C  [ntdll.dll+0x526b1]


---------------  P R O C E S S  ---------------

Threads class SMR info:
_java_thread_list=0x000001c528139bc0, length=11, elements={
0x000001c50caa0000, 0x000001c5270c2000, 0x000001c5270c4000, 0x000001c527121800,
0x000001c527123000, 0x000001c527124000, 0x000001c527127000, 0x000001c5270cf000,
0x000001c52715c800, 0x000001c527375800, 0x000001c528070800
}

Java Threads: ( => current thread )
  0x000001c50caa0000 JavaThread "main" [_thread_in_vm, id=12596, stack(0x000000a2d8300000,0x000000a2d8400000)]
  0x000001c5270c2000 JavaThread "Reference Handler" daemon [_thread_blocked, id=24520, stack(0x000000a2d8b00000,0x000000a2d8c00000)]
  0x000001c5270c4000 JavaThread "Finalizer" daemon [_thread_blocked, id=12000, stack(0x000000a2d8c00000,0x000000a2d8d00000)]
  0x000001c527121800 JavaThread "Signal Dispatcher" daemon [_thread_blocked, id=22600, stack(0x000000a2d8d00000,0x000000a2d8e00000)]
  0x000001c527123000 JavaThread "Attach Listener" daemon [_thread_blocked, id=19308, stack(0x000000a2d8e00000,0x000000a2d8f00000)]
  0x000001c527124000 JavaThread "Service Thread" daemon [_thread_blocked, id=21616, stack(0x000000a2d8f00000,0x000000a2d9000000)]
=>0x000001c527127000 JavaThread "C2 CompilerThread0" daemon [_thread_in_native, id=23632, stack(0x000000a2d9000000,0x000000a2d9100000)]
  0x000001c5270cf000 JavaThread "C1 CompilerThread0" daemon [_thread_blocked, id=7164, stack(0x000000a2d9100000,0x000000a2d9200000)]
  0x000001c52715c800 JavaThread "Sweeper thread" daemon [_thread_blocked, id=21288, stack(0x000000a2d9200000,0x000000a2d9300000)]
  0x000001c527375800 JavaThread "Common-Cleaner" daemon [_thread_blocked, id=17604, stack(0x000000a2d9400000,0x000000a2d9500000)]
  0x000001c528070800 JavaThread "C2 CompilerThread1" daemon [_thread_in_native, id=24280, stack(0x000000a2d9600000,0x000000a2d9700000)]

Other Threads:
  0x000001c52708b800 VMThread "VM Thread" [stack: 0x000000a2d8a00000,0x000000a2d8b00000] [id=4648]
  0x000001c52736d800 WatcherThread [stack: 0x000000a2d9300000,0x000000a2d9400000] [id=22684]
  0x000001c50cab7800 GCTaskThread "GC Thread#0" [stack: 0x000000a2d8500000,0x000000a2d8600000] [id=14572]
  0x000001c527656000 GCTaskThread "GC Thread#1" [stack: 0x000000a2d9500000,0x000000a2d9600000] [id=20084]
  0x000001c50cabf000 ConcurrentGCThread "G1 Main Marker" [stack: 0x000000a2d8600000,0x000000a2d8700000] [id=7136]
  0x000001c50cac0800 ConcurrentGCThread "G1 Conc#0" [stack: 0x000000a2d8700000,0x000000a2d8800000] [id=3080]
  0x000001c50cb15000 ConcurrentGCThread "G1 Refine#0" [stack: 0x000000a2d8800000,0x000000a2d8900000] [id=22596]
  0x000001c50cb16000 ConcurrentGCThread "G1 Young RemSet Sampling" [stack: 0x000000a2d8900000,0x000000a2d8a00000] [id=11048]

Threads with active compile tasks:
C2 CompilerThread0    16249  850   !   4       java.util.jar.JarFile::isMultiRelease (33 bytes)
C2 CompilerThread1    16249  851   !   4       jdk.internal.loader.URLClassPath$JarLoader::getResource (65 bytes)

VM state:not at safepoint (normal execution)

VM Mutex/Monitor currently owned by a thread: None

Heap address: 0x00000000fc000000, size: 64 MB, Compressed Oops mode: 32-bit
Narrow klass base: 0x0000000000000000, Narrow klass shift: 3
Compressed class space size: 1073741824 Address: 0x0000000100000000

Heap:
 garbage-first heap   total 65536K, used 16698K [0x00000000fc000000, 0x0000000100000000)
  region size 1024K, 13 young (13312K), 2 survivors (2048K)
 Metaspace       used 10364K, capacity 10613K, committed 10880K, reserved 1058816K
  class space    used 1053K, capacity 1133K, committed 1152K, reserved 1048576K
Heap Regions: E=young(eden), S=young(survivor), O=old, HS=humongous(starts), HC=humongous(continues), CS=collection set, F=free, A=archive, TAMS=top-at-mark-start (previous, next)
|   0|0x00000000fc000000, 0x00000000fc100000, 0x00000000fc100000|100%| O|  |TAMS 0x00000000fc000000, 0x00000000fc000000| Untracked 
|   1|0x00000000fc100000, 0x00000000fc14e800, 0x00000000fc200000| 30%| O|  |TAMS 0x00000000fc100000, 0x00000000fc100000| Untracked 
|   2|0x00000000fc200000, 0x00000000fc300000, 0x00000000fc300000|100%|HS|  |TAMS 0x00000000fc200000, 0x00000000fc200000| Complete 
|   3|0x00000000fc300000, 0x00000000fc400000, 0x00000000fc400000|100%|HC|  |TAMS 0x00000000fc300000, 0x00000000fc300000| Complete 
|   4|0x00000000fc400000, 0x00000000fc500000, 0x00000000fc500000|100%|HC|  |TAMS 0x00000000fc400000, 0x00000000fc400000| Complete 
|   5|0x00000000fc500000, 0x00000000fc600000, 0x00000000fc600000|100%|HC|  |TAMS 0x00000000fc500000, 0x00000000fc500000| Complete 
|   6|0x00000000fc600000, 0x00000000fc600000, 0x00000000fc700000|  0%| F|  |TAMS 0x00000000fc600000, 0x00000000fc600000| Untracked 
|   7|0x00000000fc700000, 0x00000000fc700000, 0x00000000fc800000|  0%| F|  |TAMS 0x00000000fc700000, 0x00000000fc700000| Untracked 
|   8|0x00000000fc800000, 0x00000000fc800000, 0x00000000fc900000|  0%| F|  |TAMS 0x00000000fc800000, 0x00000000fc800000| Untracked 
|   9|0x00000000fc900000, 0x00000000fc900000, 0x00000000fca00000|  0%| F|  |TAMS 0x00000000fc900000, 0x00000000fc900000| Untracked 
|  10|0x00000000fca00000, 0x00000000fca00000, 0x00000000fcb00000|  0%| F|  |TAMS 0x00000000fca00000, 0x00000000fca00000| Untracked 
|  11|0x00000000fcb00000, 0x00000000fcb00000, 0x00000000fcc00000|  0%| F|  |TAMS 0x00000000fcb00000, 0x00000000fcb00000| Untracked 
|  12|0x00000000fcc00000, 0x00000000fcc00000, 0x00000000fcd00000|  0%| F|  |TAMS 0x00000000fcc00000, 0x00000000fcc00000| Untracked 
|  13|0x00000000fcd00000, 0x00000000fcd00000, 0x00000000fce00000|  0%| F|  |TAMS 0x00000000fcd00000, 0x00000000fcd00000| Untracked 
|  14|0x00000000fce00000, 0x00000000fce00000, 0x00000000fcf00000|  0%| F|  |TAMS 0x00000000fce00000, 0x00000000fce00000| Untracked 
|  15|0x00000000fcf00000, 0x00000000fcf00000, 0x00000000fd000000|  0%| F|  |TAMS 0x00000000fcf00000, 0x00000000fcf00000| Untracked 
|  16|0x00000000fd000000, 0x00000000fd000000, 0x00000000fd100000|  0%| F|  |TAMS 0x00000000fd000000, 0x00000000fd000000| Untracked 
|  17|0x00000000fd100000, 0x00000000fd100000, 0x00000000fd200000|  0%| F|  |TAMS 0x00000000fd100000, 0x00000000fd100000| Untracked 
|  18|0x00000000fd200000, 0x00000000fd200000, 0x00000000fd300000|  0%| F|  |TAMS 0x00000000fd200000, 0x00000000fd200000| Untracked 
|  19|0x00000000fd300000, 0x00000000fd300000, 0x00000000fd400000|  0%| F|  |TAMS 0x00000000fd300000, 0x00000000fd300000| Untracked 
|  20|0x00000000fd400000, 0x00000000fd400000, 0x00000000fd500000|  0%| F|  |TAMS 0x00000000fd400000, 0x00000000fd400000| Untracked 
|  21|0x00000000fd500000, 0x00000000fd500000, 0x00000000fd600000|  0%| F|  |TAMS 0x00000000fd500000, 0x00000000fd500000| Untracked 
|  22|0x00000000fd600000, 0x00000000fd600000, 0x00000000fd700000|  0%| F|  |TAMS 0x00000000fd600000, 0x00000000fd600000| Untracked 
|  23|0x00000000fd700000, 0x00000000fd700000, 0x00000000fd800000|  0%| F|  |TAMS 0x00000000fd700000, 0x00000000fd700000| Untracked 
|  24|0x00000000fd800000, 0x00000000fd800000, 0x00000000fd900000|  0%| F|  |TAMS 0x00000000fd800000, 0x00000000fd800000| Untracked 
|  25|0x00000000fd900000, 0x00000000fd900000, 0x00000000fda00000|  0%| F|  |TAMS 0x00000000fd900000, 0x00000000fd900000| Untracked 
|  26|0x00000000fda00000, 0x00000000fda00000, 0x00000000fdb00000|  0%| F|  |TAMS 0x00000000fda00000, 0x00000000fda00000| Untracked 
|  27|0x00000000fdb00000, 0x00000000fdb00000, 0x00000000fdc00000|  0%| F|  |TAMS 0x00000000fdb00000, 0x00000000fdb00000| Untracked 
|  28|0x00000000fdc00000, 0x00000000fdc00000, 0x00000000fdd00000|  0%| F|  |TAMS 0x00000000fdc00000, 0x00000000fdc00000| Untracked 
|  29|0x00000000fdd00000, 0x00000000fdd00000, 0x00000000fde00000|  0%| F|  |TAMS 0x00000000fdd00000, 0x00000000fdd00000| Untracked 
|  30|0x00000000fde00000, 0x00000000fde00000, 0x00000000fdf00000|  0%| F|  |TAMS 0x00000000fde00000, 0x00000000fde00000| Untracked 
|  31|0x00000000fdf00000, 0x00000000fdf00000, 0x00000000fe000000|  0%| F|  |TAMS 0x00000000fdf00000, 0x00000000fdf00000| Untracked 
|  32|0x00000000fe000000, 0x00000000fe000000, 0x00000000fe100000|  0%| F|  |TAMS 0x00000000fe000000, 0x00000000fe000000| Untracked 
|  33|0x00000000fe100000, 0x00000000fe100000, 0x00000000fe200000|  0%| F|  |TAMS 0x00000000fe100000, 0x00000000fe100000| Untracked 
|  34|0x00000000fe200000, 0x00000000fe200000, 0x00000000fe300000|  0%| F|  |TAMS 0x00000000fe200000, 0x00000000fe200000| Untracked 
|  35|0x00000000fe300000, 0x00000000fe300000, 0x00000000fe400000|  0%| F|  |TAMS 0x00000000fe300000, 0x00000000fe300000| Untracked 
|  36|0x00000000fe400000, 0x00000000fe400000, 0x00000000fe500000|  0%| F|  |TAMS 0x00000000fe400000, 0x00000000fe400000| Untracked 
|  37|0x00000000fe500000, 0x00000000fe500000, 0x00000000fe600000|  0%| F|  |TAMS 0x00000000fe500000, 0x00000000fe500000| Untracked 
|  38|0x00000000fe600000, 0x00000000fe600000, 0x00000000fe700000|  0%| F|  |TAMS 0x00000000fe600000, 0x00000000fe600000| Untracked 
|  39|0x00000000fe700000, 0x00000000fe700000, 0x00000000fe800000|  0%| F|  |TAMS 0x00000000fe700000, 0x00000000fe700000| Untracked 
|  40|0x00000000fe800000, 0x00000000fe800000, 0x00000000fe900000|  0%| F|  |TAMS 0x00000000fe800000, 0x00000000fe800000| Untracked 
|  41|0x00000000fe900000, 0x00000000fe900000, 0x00000000fea00000|  0%| F|  |TAMS 0x00000000fe900000, 0x00000000fe900000| Untracked 
|  42|0x00000000fea00000, 0x00000000fea00000, 0x00000000feb00000|  0%| F|  |TAMS 0x00000000fea00000, 0x00000000fea00000| Untracked 
|  43|0x00000000feb00000, 0x00000000feb00000, 0x00000000fec00000|  0%| F|  |TAMS 0x00000000feb00000, 0x00000000feb00000| Untracked 
|  44|0x00000000fec00000, 0x00000000fec00000, 0x00000000fed00000|  0%| F|  |TAMS 0x00000000fec00000, 0x00000000fec00000| Untracked 
|  45|0x00000000fed00000, 0x00000000fed00000, 0x00000000fee00000|  0%| F|  |TAMS 0x00000000fed00000, 0x00000000fed00000| Untracked 
|  46|0x00000000fee00000, 0x00000000fee00000, 0x00000000fef00000|  0%| F|  |TAMS 0x00000000fee00000, 0x00000000fee00000| Untracked 
|  47|0x00000000fef00000, 0x00000000fef00000, 0x00000000ff000000|  0%| F|  |TAMS 0x00000000fef00000, 0x00000000fef00000| Untracked 
|  48|0x00000000ff000000, 0x00000000ff100000, 0x00000000ff100000|100%| S|CS|TAMS 0x00000000ff000000, 0x00000000ff000000| Complete 
|  49|0x00000000ff100000, 0x00000000ff200000, 0x00000000ff200000|100%| S|CS|TAMS 0x00000000ff100000, 0x00000000ff100000| Complete 
|  50|0x00000000ff200000, 0x00000000ff200000, 0x00000000ff300000|  0%| F|  |TAMS 0x00000000ff200000, 0x00000000ff200000| Untracked 
|  51|0x00000000ff300000, 0x00000000ff300000, 0x00000000ff400000|  0%| F|  |TAMS 0x00000000ff300000, 0x00000000ff300000| Untracked 
|  52|0x00000000ff400000, 0x00000000ff400000, 0x00000000ff500000|  0%| F|  |TAMS 0x00000000ff400000, 0x00000000ff400000| Untracked 
|  53|0x00000000ff500000, 0x00000000ff580800, 0x00000000ff600000| 50%| E|  |TAMS 0x00000000ff500000, 0x00000000ff500000| Complete 
|  54|0x00000000ff600000, 0x00000000ff700000, 0x00000000ff700000|100%| E|CS|TAMS 0x00000000ff600000, 0x00000000ff600000| Complete 
|  55|0x00000000ff700000, 0x00000000ff800000, 0x00000000ff800000|100%| E|CS|TAMS 0x00000000ff700000, 0x00000000ff700000| Complete 
|  56|0x00000000ff800000, 0x00000000ff900000, 0x00000000ff900000|100%| E|CS|TAMS 0x00000000ff800000, 0x00000000ff800000| Complete 
|  57|0x00000000ff900000, 0x00000000ffa00000, 0x00000000ffa00000|100%| E|CS|TAMS 0x00000000ff900000, 0x00000000ff900000| Complete 
|  58|0x00000000ffa00000, 0x00000000ffb00000, 0x00000000ffb00000|100%| E|CS|TAMS 0x00000000ffa00000, 0x00000000ffa00000| Complete 
|  59|0x00000000ffb00000, 0x00000000ffc00000, 0x00000000ffc00000|100%| E|CS|TAMS 0x00000000ffb00000, 0x00000000ffb00000| Complete 
|  60|0x00000000ffc00000, 0x00000000ffd00000, 0x00000000ffd00000|100%| E|CS|TAMS 0x00000000ffc00000, 0x00000000ffc00000| Complete 
|  61|0x00000000ffd00000, 0x00000000ffe00000, 0x00000000ffe00000|100%| E|  |TAMS 0x00000000ffd00000, 0x00000000ffd00000| Complete 
|  62|0x00000000ffe00000, 0x00000000fff00000, 0x00000000fff00000|100%| E|CS|TAMS 0x00000000ffe00000, 0x00000000ffe00000| Complete 
|  63|0x00000000fff00000, 0x0000000100000000, 0x0000000100000000|100%| E|CS|TAMS 0x00000000fff00000, 0x00000000fff00000| Complete 

Card table byte_map: [0x000001c50c8f0000,0x000001c50c910000] _byte_map_base: 0x000001c50c110000

Marking Bits (Prev, Next): (CMBitMap*) 0x000001c50cabce78, (CMBitMap*) 0x000001c50cabceb0
 Prev Bits: [0x000001c50c930000, 0x000001c50ca30000)
 Next Bits: [0x000001c524220000, 0x000001c524320000)

Polling page: 0x000001c50c280000

Metaspace:

Usage:
  Non-class:      9.26 MB capacity,     9.09 MB ( 98%) used,   158.38 KB (  2%) free+waste,    10.69 KB ( <1%) overhead. 
      Class:      1.11 MB capacity,     1.03 MB ( 93%) used,    74.04 KB (  7%) free+waste,     5.19 KB ( <1%) overhead. 
       Both:     10.36 MB capacity,    10.12 MB ( 98%) used,   232.42 KB (  2%) free+waste,    15.88 KB ( <1%) overhead. 

Virtual space:
  Non-class space:       10.00 MB reserved,       9.50 MB ( 95%) committed 
      Class space:        1.00 GB reserved,       1.13 MB ( <1%) committed 
             Both:        1.01 GB reserved,      10.63 MB (  1%) committed 

Chunk freelists:
   Non-Class:  56.00 KB
       Class:  19.00 KB
        Both:  75.00 KB

MaxMetaspaceSize: 17179869184.00 GB
CompressedClassSpaceSize: 1.00 GB
Initial GC threshold: 20.80 MB
Current GC threshold: 20.80 MB
CDS: off

CodeHeap 'non-profiled nmethods': size=120064Kb used=312Kb max_used=312Kb free=119751Kb
 bounds [0x000001c51cce0000, 0x000001c51cf50000, 0x000001c524220000]
CodeHeap 'profiled nmethods': size=120000Kb used=1706Kb max_used=1706Kb free=118293Kb
 bounds [0x000001c5157b0000, 0x000001c515a20000, 0x000001c51cce0000]
CodeHeap 'non-nmethods': size=5696Kb used=1119Kb max_used=1135Kb free=4576Kb
 bounds [0x000001c515220000, 0x000001c515490000, 0x000001c5157b0000]
 total_blobs=1242 nmethods=872 adapters=283
 compilation: enabled
              stopped_count=0, restarted_count=0
 full_count=0

Compilation events (20 events):
Event: 15.985 Thread 0x000001c5270cf000 nmethod 843 0x000001c515945510 code [0x000001c5159456c0, 0x000001c515945808]
Event: 15.989 Thread 0x000001c5270cf000  844       3       java.util.regex.Pattern::nextEscaped (19 bytes)
Event: 15.989 Thread 0x000001c5270cf000 nmethod 844 0x000001c515945910 code [0x000001c515945ac0, 0x000001c515945bf8]
Event: 15.989 Thread 0x000001c5270cf000  845       3       java.util.regex.Pattern$CharProperty::<init> (10 bytes)
Event: 15.989 Thread 0x000001c5270cf000 nmethod 845 0x000001c515945d10 code [0x000001c515945ee0, 0x000001c515946158]
Event: 15.989 Thread 0x000001c5270cf000  846       3       java.util.regex.Pattern::sequence (645 bytes)
Event: 15.996 Thread 0x000001c5270cf000 nmethod 846 0x000001c515946210 code [0x000001c5159468e0, 0x000001c51594a5a8]
Event: 15.996 Thread 0x000001c5270cf000  847       3       java.nio.MappedByteBuffer::<init> (15 bytes)
Event: 15.996 Thread 0x000001c5270cf000 nmethod 847 0x000001c51594b810 code [0x000001c51594b9e0, 0x000001c51594bbc8]
Event: 15.996 Thread 0x000001c5270cf000  848       3       java.nio.ByteBuffer::<init> (12 bytes)
Event: 15.996 Thread 0x000001c5270cf000 nmethod 848 0x000001c51594bc90 code [0x000001c51594be40, 0x000001c51594bf88]
Event: 16.000 Thread 0x000001c5270cf000  849   !   3       jdk.internal.loader.URLClassPath$JarLoader::getResource (353 bytes)
Event: 16.000 Thread 0x000001c527127000  850   !   4       java.util.jar.JarFile::isMultiRelease (33 bytes)
Event: 16.003 Thread 0x000001c5270cf000 nmethod 849 0x000001c51594c010 code [0x000001c51594c4a0, 0x000001c51594e378]
Event: 16.003 Thread 0x000001c5270cf000  854   !   2       java.util.jar.JarFile::checkForSpecialAttributes (163 bytes)
Event: 16.004 Thread 0x000001c5270cf000 nmethod 854 0x000001c51594f590 code [0x000001c51594f800, 0x000001c515950198]
Event: 16.004 Thread 0x000001c5270cf000  856       2       java.util.jar.JarFile::getEntry0 (24 bytes)
Event: 16.005 Thread 0x000001c5270cf000 nmethod 856 0x000001c515950690 code [0x000001c515950860, 0x000001c515950a88]
Event: 16.005 Thread 0x000001c5270cf000  853       2       java.util.jar.JarFile::getJarEntry (9 bytes)
Event: 16.005 Thread 0x000001c5270cf000 nmethod 853 0x000001c515950b90 code [0x000001c515950d40, 0x000001c515950e88]

GC Heap History (2 events):
Event: 10.920 GC heap before
{Heap before GC invocations=0 (full 0):
 garbage-first heap   total 65536K, used 13312K [0x00000000fc000000, 0x0000000100000000)
  region size 1024K, 14 young (14336K), 0 survivors (0K)
 Metaspace       used 7828K, capacity 8017K, committed 8192K, reserved 1056768K
  class space    used 688K, capacity 754K, committed 768K, reserved 1048576K
}
Event: 11.146 GC heap after
{Heap after GC invocations=1 (full 0):
 garbage-first heap   total 65536K, used 3386K [0x00000000fc000000, 0x0000000100000000)
  region size 1024K, 2 young (2048K), 2 survivors (2048K)
 Metaspace       used 7828K, capacity 8017K, committed 8192K, reserved 1056768K
  class space    used 688K, capacity 754K, committed 768K, reserved 1048576K
}

Deoptimization events (20 events):
Event: 15.830 Thread 0x000001c50caa0000 Uncommon trap: trap_request=0xffffffde fr.pc=0x000001c51ccffd2c relative=0x000000000000038c
Event: 15.830 Thread 0x000001c50caa0000 Uncommon trap: reason=class_check action=maybe_recompile pc=0x000001c51ccffd2c method=java.util.regex.Matcher.match(II)Z @ 121 c2
Event: 15.830 Thread 0x000001c50caa0000 DEOPT PACKING pc=0x000001c51ccffd2c sp=0x000000a2d83fd3c0
Event: 15.830 Thread 0x000001c50caa0000 DEOPT UNPACKING pc=0x000001c51526a1af sp=0x000000a2d83fd368 mode 2
Event: 15.831 Thread 0x000001c50caa0000 Uncommon trap: trap_request=0xffffffde fr.pc=0x000001c51ccffd2c relative=0x000000000000038c
Event: 15.831 Thread 0x000001c50caa0000 Uncommon trap: reason=class_check action=maybe_recompile pc=0x000001c51ccffd2c method=java.util.regex.Matcher.match(II)Z @ 121 c2
Event: 15.831 Thread 0x000001c50caa0000 DEOPT PACKING pc=0x000001c51ccffd2c sp=0x000000a2d83fd240
Event: 15.831 Thread 0x000001c50caa0000 DEOPT UNPACKING pc=0x000001c51526a1af sp=0x000000a2d83fd1e8 mode 2
Event: 15.831 Thread 0x000001c50caa0000 Uncommon trap: trap_request=0xffffffde fr.pc=0x000001c51ccffd2c relative=0x000000000000038c
Event: 15.831 Thread 0x000001c50caa0000 Uncommon trap: reason=class_check action=maybe_recompile pc=0x000001c51ccffd2c method=java.util.regex.Matcher.match(II)Z @ 121 c2
Event: 15.831 Thread 0x000001c50caa0000 DEOPT PACKING pc=0x000001c51ccffd2c sp=0x000000a2d83fd240
Event: 15.831 Thread 0x000001c50caa0000 DEOPT UNPACKING pc=0x000001c51526a1af sp=0x000000a2d83fd1e8 mode 2
Event: 15.848 Thread 0x000001c50caa0000 Uncommon trap: trap_request=0xffffff4d fr.pc=0x000001c51ccee5f4 relative=0x0000000000000054
Event: 15.851 Thread 0x000001c50caa0000 Uncommon trap: reason=unstable_if action=reinterpret pc=0x000001c51ccee5f4 method=java.util.regex.Pattern.has(I)Z @ 6 c2
Event: 15.851 Thread 0x000001c50caa0000 DEOPT PACKING pc=0x000001c51ccee5f4 sp=0x000000a2d83fd030
Event: 15.851 Thread 0x000001c50caa0000 DEOPT UNPACKING pc=0x000001c51526a1af sp=0x000000a2d83fcfc0 mode 2
Event: 15.859 Thread 0x000001c50caa0000 Uncommon trap: trap_request=0xffffff4d fr.pc=0x000001c51cd24050 relative=0x0000000000000210
Event: 15.859 Thread 0x000001c50caa0000 Uncommon trap: reason=unstable_if action=reinterpret pc=0x000001c51cd24050 method=java.util.HashMap.hash(Ljava/lang/Object;)I @ 1 c2
Event: 15.859 Thread 0x000001c50caa0000 DEOPT PACKING pc=0x000001c51cd24050 sp=0x000000a2d83fd320
Event: 15.859 Thread 0x000001c50caa0000 DEOPT UNPACKING pc=0x000001c51526a1af sp=0x000000a2d83fd258 mode 2

Classes redefined (0 events):
No events

Internal exceptions (5 events):
Event: 4.887 Thread 0x000001c50caa0000 Exception <a 'java/lang/NoSuchMethodError'{0x00000000ffc25c40}: 'int java.lang.invoke.DirectMethodHandle$Holder.invokeStaticInit(java.lang.Object, java.lang.Object)'> (0x00000000ffc25c40) thrown at [./src/hotspot/share/interpreter/linkResolver.cpp, line 773]
Event: 5.146 Thread 0x000001c50caa0000 Exception <a 'java/lang/NoSuchMethodError'{0x00000000ffcfa288}: 'int java.lang.invoke.DirectMethodHandle$Holder.invokeSpecial(java.lang.Object, java.lang.Object, java.lang.Object, java.lang.Object)'> (0x00000000ffcfa288) thrown at [./src/hotspot/share/interpreter/linkResolver.cpp, line 773]
Event: 5.162 Thread 0x000001c50caa0000 Exception <a 'java/lang/NoSuchMethodError'{0x00000000ffb32c20}: 'int java.lang.invoke.DirectMethodHandle$Holder.invokeSpecialIFC(java.lang.Object, java.lang.Object, int)'> (0x00000000ffb32c20) thrown at [./src/hotspot/share/interpreter/linkResolver.cpp, line 773]
Event: 15.859 Thread 0x000001c50caa0000 Implicit null exception at 0x000001c51cd23e75 to 0x000001c51cd24040
Event: 16.002 Thread 0x000001c50caa0000 Exception <a 'java/lang/NoClassDefFoundError'{0x00000000ff659998}: org/slf4j/impl/StaticMarkerBinder> (0x00000000ff659998) thrown at [./src/hotspot/share/classfile/systemDictionary.cpp, line 219]

Events (20 events):
Event: 16.000 loading class java/util/Formattable
Event: 16.000 loading class java/util/Formattable done
Event: 16.000 loading class org/gradle/api/logging/Logging
Event: 16.000 loading class org/gradle/api/logging/Logging done
Event: 16.001 loading class org/slf4j/MarkerFactory
Event: 16.001 loading class org/slf4j/MarkerFactory done
Event: 16.001 loading class org/slf4j/IMarkerFactory
Event: 16.001 loading class org/slf4j/IMarkerFactory done
Event: 16.002 loading class org/slf4j/impl/StaticMarkerBinder
Event: 16.002 loading class org/slf4j/impl/StaticMarkerBinder done
Event: 16.002 loading class org/slf4j/helpers/BasicMarkerFactory
Event: 16.002 loading class org/slf4j/helpers/BasicMarkerFactory done
Event: 16.003 loading class org/slf4j/Marker
Event: 16.003 loading class org/slf4j/Marker done
Event: 16.003 loading class org/slf4j/helpers/BasicMarker
Event: 16.003 loading class org/slf4j/helpers/BasicMarker done
Event: 16.007 loading class org/gradle/launcher/cli/WelcomeMessageAction$1
Event: 16.007 loading class org/gradle/launcher/cli/WelcomeMessageAction$1 done
Event: 16.008 loading class org/gradle/internal/nativeintegration/services/NativeServices
Event: 16.008 loading class org/gradle/internal/nativeintegration/services/NativeServices done


Dynamic libraries:
0x00007ff6e7da0000 - 0x00007ff6e7dad000 	C:\Program Files\Microsoft\jdk-11.0.18.10-hotspot\bin\java.exe
0x00007ffd9ad90000 - 0x00007ffd9af88000 	C:\Windows\SYSTEM32\ntdll.dll
0x00007ffd9a230000 - 0x00007ffd9a2ef000 	C:\Windows\System32\KERNEL32.DLL
0x00007ffd989b0000 - 0x00007ffd98ca6000 	C:\Windows\System32\KERNELBASE.dll
0x00007ffd984a0000 - 0x00007ffd985a0000 	C:\Windows\System32\ucrtbase.dll
0x00007ffd90710000 - 0x00007ffd90727000 	C:\Program Files\Microsoft\jdk-11.0.18.10-hotspot\bin\jli.dll
0x00007ffd98f80000 - 0x00007ffd9911d000 	C:\Windows\System32\USER32.dll
0x00007ffd987c0000 - 0x00007ffd987e2000 	C:\Windows\System32\win32u.dll
0x00007ffd99eb0000 - 0x00007ffd99edc000 	C:\Windows\System32\GDI32.dll
0x00007ffd98890000 - 0x00007ffd989a5000 	C:\Windows\System32\gdi32full.dll
0x00007ffd987f0000 - 0x00007ffd9888d000 	C:\Windows\System32\msvcp_win.dll
0x00007ffd90610000 - 0x00007ffd90625000 	C:\Program Files\Microsoft\jdk-11.0.18.10-hotspot\bin\VCRUNTIME140.dll
0x00007ffd7e970000 - 0x00007ffd7ec0a000 	C:\Windows\WinSxS\amd64_microsoft.windows.common-controls_6595b64144ccf1df_6.0.19041.1110_none_60b5254171f9507e\COMCTL32.dll
0x00007ffd99ee0000 - 0x00007ffd99f7e000 	C:\Windows\System32\msvcrt.dll
0x00007ffd99d20000 - 0x00007ffd99d50000 	C:\Windows\System32\IMM32.DLL
0x00007ffd6fb30000 - 0x00007ffd6fbcb000 	C:\Program Files\Microsoft\jdk-11.0.18.10-hotspot\bin\msvcp140.dll
0x00007ffd52480000 - 0x00007ffd53012000 	C:\Program Files\Microsoft\jdk-11.0.18.10-hotspot\bin\server\jvm.dll
0x00007ffd9a180000 - 0x00007ffd9a22f000 	C:\Windows\System32\ADVAPI32.dll
0x00007ffd9a000000 - 0x00007ffd9a09c000 	C:\Windows\System32\sechost.dll
0x00007ffd9a300000 - 0x00007ffd9a426000 	C:\Windows\System32\RPCRT4.dll
0x00007ffd994d0000 - 0x00007ffd994d8000 	C:\Windows\System32\PSAPI.DLL
0x00007ffd89360000 - 0x00007ffd89369000 	C:\Windows\SYSTEM32\WSOCK32.dll
0x00007ffd99400000 - 0x00007ffd9946b000 	C:\Windows\System32\WS2_32.dll
0x00007ffd7e390000 - 0x00007ffd7e3b7000 	C:\Windows\SYSTEM32\WINMM.dll
0x00007ffd91b20000 - 0x00007ffd91b2a000 	C:\Windows\SYSTEM32\VERSION.dll
0x00007ffd96320000 - 0x00007ffd96332000 	C:\Windows\SYSTEM32\kernel.appcore.dll
0x00007ffd8aa10000 - 0x00007ffd8aa20000 	C:\Program Files\Microsoft\jdk-11.0.18.10-hotspot\bin\verify.dll
0x00007ffd8bca0000 - 0x00007ffd8be84000 	C:\Windows\SYSTEM32\DBGHELP.DLL
0x00007ffd8ba90000 - 0x00007ffd8bac4000 	C:\Windows\SYSTEM32\dbgcore.DLL
0x00007ffd98cb0000 - 0x00007ffd98d32000 	C:\Windows\System32\bcryptPrimitives.dll
0x00007ffd7d340000 - 0x00007ffd7d368000 	C:\Program Files\Microsoft\jdk-11.0.18.10-hotspot\bin\java.dll
0x00007ffd8a9c0000 - 0x00007ffd8a9ca000 	C:\Program Files\Microsoft\jdk-11.0.18.10-hotspot\bin\jimage.dll
0x00007ffd8a7e0000 - 0x00007ffd8a7f8000 	C:\Program Files\Microsoft\jdk-11.0.18.10-hotspot\bin\zip.dll
0x00007ffd9a600000 - 0x00007ffd9ad44000 	C:\Windows\System32\SHELL32.dll
0x00007ffd96520000 - 0x00007ffd96cb4000 	C:\Windows\SYSTEM32\windows.storage.dll
0x00007ffd994e0000 - 0x00007ffd99834000 	C:\Windows\System32\combase.dll
0x00007ffd97e40000 - 0x00007ffd97e6e000 	C:\Windows\SYSTEM32\Wldp.dll
0x00007ffd99120000 - 0x00007ffd991cd000 	C:\Windows\System32\SHCORE.dll
0x00007ffd993a0000 - 0x00007ffd993f5000 	C:\Windows\System32\shlwapi.dll
0x00007ffd983a0000 - 0x00007ffd983c5000 	C:\Windows\SYSTEM32\profapi.dll
0x00007ffd88060000 - 0x00007ffd88079000 	C:\Program Files\Microsoft\jdk-11.0.18.10-hotspot\bin\net.dll
0x00007ffd8a020000 - 0x00007ffd8a12a000 	C:\Windows\SYSTEM32\WINHTTP.dll
0x00007ffd97b40000 - 0x00007ffd97baa000 	C:\Windows\system32\mswsock.dll
0x00007ffd86f50000 - 0x00007ffd86f63000 	C:\Program Files\Microsoft\jdk-11.0.18.10-hotspot\bin\nio.dll

dbghelp: loaded successfully - version: 4.0.5 - missing functions: none
symbol engine: initialized successfully - sym options: 0x614 - pdb path: .;C:\Program Files\Microsoft\jdk-11.0.18.10-hotspot\bin;C:\Windows\SYSTEM32;C:\Windows\WinSxS\amd64_microsoft.windows.common-controls_6595b64144ccf1df_6.0.19041.1110_none_60b5254171f9507e;C:\Program Files\Microsoft\jdk-11.0.18.10-hotspot\bin\server

VM Arguments:
jvm_args: -Xmx64m -Xms64m -Dorg.gradle.appname=gradlew 
java_command: org.gradle.wrapper.GradleWrapperMain tasks
java_class_path (initial): D:\ReactNative\ToDo\android\\gradle\wrapper\gradle-wrapper.jar
Launcher Type: SUN_STANDARD

[Global flags]
     intx CICompilerCount                          = 3                                         {product} {ergonomic}
     uint ConcGCThreads                            = 1                                         {product} {ergonomic}
     uint G1ConcRefinementThreads                  = 4                                         {product} {ergonomic}
   size_t G1HeapRegionSize                         = 1048576                                   {product} {ergonomic}
    uintx GCDrainStackTargetSize                   = 64                                        {product} {ergonomic}
   size_t InitialHeapSize                          = 67108864                                  {product} {command line}
   size_t MarkStackSize                            = 4194304                                   {product} {ergonomic}
   size_t MaxHeapSize                              = 67108864                                  {product} {command line}
   size_t MaxNewSize                               = 39845888                                  {product} {ergonomic}
   size_t MinHeapDeltaBytes                        = 1048576                                   {product} {ergonomic}
    uintx NonNMethodCodeHeapSize                   = 5830732                                {pd product} {ergonomic}
    uintx NonProfiledCodeHeapSize                  = 122913754                              {pd product} {ergonomic}
    uintx ProfiledCodeHeapSize                     = 122913754                              {pd product} {ergonomic}
    uintx ReservedCodeCacheSize                    = 251658240                              {pd product} {ergonomic}
     bool SegmentedCodeCache                       = true                                      {product} {ergonomic}
     bool UseCompressedClassPointers               = true                                 {lp64_product} {ergonomic}
     bool UseCompressedOops                        = true                                 {lp64_product} {ergonomic}
     bool UseG1GC                                  = true                                      {product} {ergonomic}
     bool UseLargePagesIndividualAllocation        = false                                  {pd product} {ergonomic}

Logging:
Log output configuration:
 #0: stdout all=warning uptime,level,tags
 #1: stderr all=off uptime,level,tags

Environment Variables:
JAVA_HOME=C:\Program Files\Microsoft\jdk-11.0.18.10-hotspot\
CLASSPATH=D:\ReactNative\ToDo\android\\gradle\wrapper\gradle-wrapper.jar
PATH=D:\ReactNative\ToDo\node_modules\.bin;D:\ReactNative\ToDo\node_modules\.bin;D:\ReactNative\node_modules\.bin;D:\node_modules\.bin;C:\Program Files\nodejs\node_modules\npm\node_modules\@npmcli\run-script\lib\node-gyp-bin;C:\Users\Star\AppData\Local\Temp\yarn--1690794799033-0.09819319193312714;D:\ReactNative\ToDo\node_modules\.bin;C:\Users\Star\AppData\Local\Yarn\Data\link\node_modules\.bin;C:\Users\Star\AppData\Local\Yarn\bin;C:\Program Files\libexec\lib\node_modules\npm\bin\node-gyp-bin;C:\Program Files\lib\node_modules\npm\bin\node-gyp-bin;C:\Program Files\nodejs\node_modules\npm\bin\node-gyp-bin;C:\Program Files\Microsoft\jdk-11.0.18.10-hotspot\bin;C:\Windows\system32;C:\Windows;C:\Windows\System32\Wbem;C:\Windows\System32\WindowsPowerShell\v1.0\;C:\Windows\System32\OpenSSH\;C:\MinGW\bin;C:\Program Files\Microsoft SQL Server\150\Tools\Binn\;C:\Program Files\Microsoft SQL Server\Client SDK\ODBC\170\Tools\Binn\;C:\Program Files\dotnet\;C:\Program Files\nodejs\;C:\ProgramData\chocolatey\bin;C:\Users\Star\AppData\Local\Microsoft\WindowsApps;C:\Users\Star\AppData\Local\Programs\Microsoft VS Code\bin;D:\workspace\flutter\bin;C:\Users\Star\.dotnet\tools;"C:\Program Files\Git\bin\git.exe;C:\Program Files\Git\cmd;C:\Windows\System64";"C:\Program Files\Git\bin\git.exe;C:\Program Files\Git\cmd;C:\Windows\System32";C:\Windows\System32;C:\Users\Star\AppData\Roaming\npm;C:\Users\Star\AppData\Local\Android\Sdk\platform-tools;
USERNAME=Star
LANG=en_US.UTF-8
OS=Windows_NT
PROCESSOR_IDENTIFIER=Intel64 Family 6 Model 78 Stepping 3, GenuineIntel
TMP=C:\Users\Star\AppData\Local\Temp
TEMP=C:\Users\Star\AppData\Local\Temp



---------------  S Y S T E M  ---------------

OS: Windows 10 , 64 bit Build 19041 (10.0.19041.3155)
OS uptime: 14 days 23:12 hours

CPU:total 4 (initial active 4) (2 cores per cpu, 2 threads per core) family 6 model 78 stepping 3 microcode 0xcc, cmov, cx8, fxsr, mmx, sse, sse2, sse3, ssse3, sse4.1, sse4.2, popcnt, avx, avx2, aes, clmul, erms, rtm, 3dnowpref, lzcnt, ht, tsc, tscinvbit, bmi1, bmi2, adx, fma

Memory: 4k page, system-wide physical 7856M (778M free)
TotalPageFile size 19785M (AvailPageFile size 49M)
current process WorkingSet (physical memory assigned to process): 70M, peak: 70M
current process commit charge ("private bytes"): 149M, peak: 149M

vm_info: OpenJDK 64-Bit Server VM (11.0.18+10-LTS) for windows-amd64 JRE (11.0.18+10-LTS), built on Jan 18 2023 15:56:47 by "MicrosoftCorporation" with MS VC++ 15.9 (VS2017)

END.
